<?xml version="1.0" encoding="UTF-8"?>
<!-- Generated by org.testng.reporters.JUnitXMLReporter -->
<testsuite hostname="EPHUBUDW0557" name="Third test" tests="1" failures="1" timestamp="26 Apr 2016 11:08:57 GMT" time="2.879" errors="0">
  <testcase name="clientRequestTft5" time="2.866" classname="teamfit1.teamfit1.AppTest2">
    <failure type="java.lang.AssertionError" message="1 expectation failed.
JSON path findAll { it.languages.contains(&amp;apos;en&amp;apos;)}.name doesn&amp;apos;t match.
Expected: (a collection containing &amp;quot;Yemen&amp;quot;)
  Actual: [American Samoa, Anguilla, Antigua and Barbuda, Australia, The Bahamas, Barbados, Belize, Bermuda, Botswana, British Indian Ocean Territory, United States Minor Outlying Islands, British Virgin Islands, Cameroon, Canada, Cayman Islands, Christmas Island, Cocos (Keeling) Islands, Cook Islands, Curaçao, Dominica, Eritrea, Falkland Islands, Fiji, The Gambia, Ghana, Gibraltar, Grenada, Guam, Guernsey, Guyana, Heard Island and McDonald Islands, Hong Kong, India, Republic of Ireland, Isle of Man, Jamaica, Jersey, Kenya, Kiribati, Lesotho, Liberia, Malawi, Malta, Marshall Islands, Mauritius, Federated States of Micronesia, Montserrat, Namibia, Nauru, New Zealand, Nigeria, Niue, Norfolk Island, Northern Mariana Islands, Pakistan, Palau, Papua New Guinea, Philippines, Pitcairn Islands, Puerto Rico, Rwanda, Saint Helena, Saint Kitts and Nevis, Saint Lucia, Saint Martin, Saint Vincent and the Grenadines, Samoa, Seychelles, Sierra Leone, Singapore, Sint Maarten, Solomon Islands, South Africa, South Georgia, South Sudan, Sudan, Swaziland, Tanzania, Tokelau, Tonga, Trinidad and Tobago, Turks and Caicos Islands, Tuvalu, Uganda, United Kingdom, United States, Vanuatu, Zambia, Zimbabwe]
">
      <![CDATA[java.lang.AssertionError: 1 expectation failed.
JSON path findAll { it.languages.contains('en')}.name doesn't match.
Expected: (a collection containing "Yemen")
  Actual: [American Samoa, Anguilla, Antigua and Barbuda, Australia, The Bahamas, Barbados, Belize, Bermuda, Botswana, British Indian Ocean Territory, United States Minor Outlying Islands, British Virgin Islands, Cameroon, Canada, Cayman Islands, Christmas Island, Cocos (Keeling) Islands, Cook Islands, Curaçao, Dominica, Eritrea, Falkland Islands, Fiji, The Gambia, Ghana, Gibraltar, Grenada, Guam, Guernsey, Guyana, Heard Island and McDonald Islands, Hong Kong, India, Republic of Ireland, Isle of Man, Jamaica, Jersey, Kenya, Kiribati, Lesotho, Liberia, Malawi, Malta, Marshall Islands, Mauritius, Federated States of Micronesia, Montserrat, Namibia, Nauru, New Zealand, Nigeria, Niue, Norfolk Island, Northern Mariana Islands, Pakistan, Palau, Papua New Guinea, Philippines, Pitcairn Islands, Puerto Rico, Rwanda, Saint Helena, Saint Kitts and Nevis, Saint Lucia, Saint Martin, Saint Vincent and the Grenadines, Samoa, Seychelles, Sierra Leone, Singapore, Sint Maarten, Solomon Islands, South Africa, South Georgia, South Sudan, Sudan, Swaziland, Tanzania, Tokelau, Tonga, Trinidad and Tobago, Turks and Caicos Islands, Tuvalu, Uganda, United Kingdom, United States, Vanuatu, Zambia, Zimbabwe]

	at org.codehaus.groovy.runtime.callsite.ConstructorSite$ConstructorSiteNoUnwrap.callConstructor(ConstructorSite.java:84)
	at org.codehaus.groovy.runtime.callsite.CallSiteArray.defaultCallConstructor(CallSiteArray.java:60)
	at org.codehaus.groovy.runtime.callsite.AbstractCallSite.callConstructor(AbstractCallSite.java:235)
	at org.codehaus.groovy.runtime.callsite.AbstractCallSite.callConstructor(AbstractCallSite.java:247)
	at com.jayway.restassured.internal.ResponseSpecificationImpl$HamcrestAssertionClosure.validate(ResponseSpecificationImpl.groovy:598)
	at com.jayway.restassured.internal.ResponseSpecificationImpl$HamcrestAssertionClosure$validate$1.call(Unknown Source)
	at org.codehaus.groovy.runtime.callsite.CallSiteArray.defaultCall(CallSiteArray.java:48)
	at org.codehaus.groovy.runtime.callsite.AbstractCallSite.call(AbstractCallSite.java:113)
	at org.codehaus.groovy.runtime.callsite.AbstractCallSite.call(AbstractCallSite.java:125)
	at com.jayway.restassured.internal.RequestSpecificationImpl.applyPathParamsAndSendRequest(RequestSpecificationImpl.groovy:1597)
	at groovy.lang.MetaMethod.doMethodInvoke(MetaMethod.java:325)
	at groovy.lang.MetaClassImpl.invokeMethod(MetaClassImpl.java:1210)
	at groovy.lang.MetaClassImpl.invokeMethod(MetaClassImpl.java:1019)
	at groovy.lang.MetaClassImpl.invokeMethod(MetaClassImpl.java:810)
	at com.jayway.restassured.internal.RequestSpecificationImpl.invokeMethod(RequestSpecificationImpl.groovy)
	at org.codehaus.groovy.runtime.callsite.PogoInterceptableSite.call(PogoInterceptableSite.java:48)
	at org.codehaus.groovy.runtime.callsite.PogoInterceptableSite.callCurrent(PogoInterceptableSite.java:58)
	at org.codehaus.groovy.runtime.callsite.CallSiteArray.defaultCallCurrent(CallSiteArray.java:52)
	at org.codehaus.groovy.runtime.callsite.AbstractCallSite.callCurrent(AbstractCallSite.java:154)
	at org.codehaus.groovy.runtime.callsite.AbstractCallSite.callCurrent(AbstractCallSite.java:182)
	at com.jayway.restassured.internal.RequestSpecificationImpl.get(RequestSpecificationImpl.groovy:160)
	at com.jayway.restassured.internal.RequestSpecificationImpl.get(RequestSpecificationImpl.groovy)
	at groovy.lang.MetaMethod.doMethodInvoke(MetaMethod.java:325)
	at groovy.lang.MetaClassImpl.invokeMethod(MetaClassImpl.java:1210)
	at groovy.lang.MetaClassImpl.invokeMethod(MetaClassImpl.java:1019)
	at groovy.lang.MetaClassImpl.invokeMethod(MetaClassImpl.java:810)
	at com.jayway.restassured.internal.RequestSpecificationImpl.invokeMethod(RequestSpecificationImpl.groovy)
	at org.codehaus.groovy.runtime.callsite.PogoInterceptableSite.call(PogoInterceptableSite.java:48)
	at org.codehaus.groovy.runtime.callsite.CallSiteArray.defaultCall(CallSiteArray.java:48)
	at org.codehaus.groovy.runtime.callsite.AbstractCallSite.call(AbstractCallSite.java:113)
	at org.codehaus.groovy.runtime.callsite.AbstractCallSite.call(AbstractCallSite.java:133)
	at com.jayway.restassured.internal.ResponseSpecificationImpl.get(ResponseSpecificationImpl.groovy:289)
	at com.jayway.restassured.internal.ResponseSpecificationImpl.get(ResponseSpecificationImpl.groovy)
	at teamfit1.teamfit1.AppTest2.clientRequestTft5(AppTest2.java:126)
... Removed 40 stack frames]]>
    </failure>
  </testcase> <!-- clientRequestTft5 -->
</testsuite> <!-- Third test -->
