<?xml version="1.0" encoding="UTF-8"?>
<testng-results skipped="0" failed="0" total="1" passed="1">
  <reporter-output>
  </reporter-output>
  <suite name="Default suite" duration-ms="2424" started-at="2016-05-12T08:37:15Z" finished-at="2016-05-12T08:37:18Z">
    <groups>
    </groups>
    <test name="Default test" duration-ms="2424" started-at="2016-05-12T08:37:15Z" finished-at="2016-05-12T08:37:18Z">
      <class name="Lambda.Lambda.TestEnglish">
        <test-method status="PASS" signature="testEnglishSpeakingCountries()[pri:0, instance:Lambda.Lambda.TestEnglish@1593948d]" name="testEnglishSpeakingCountries" duration-ms="2410" started-at="2016-05-12T10:37:15Z" finished-at="2016-05-12T10:37:18Z">
          <reporter-output>
          </reporter-output>
        </test-method> <!-- testEnglishSpeakingCountries -->
      </class> <!-- Lambda.Lambda.TestEnglish -->
    </test> <!-- Default test -->
  </suite> <!-- Default suite -->
</testng-results>
