<?xml version="1.0" encoding="UTF-8"?>
<!-- Generated by org.testng.reporters.JUnitXMLReporter -->
<testsuite hostname="EPHUBUDW0557" name="First test" tests="4" failures="0" timestamp="22 Apr 2016 08:47:23 GMT" time="6.243" errors="0">
  <testcase name="examplesRestAssured1" time="3.386" classname="teamfit1.teamfit1.AppTest"/>
  <testcase name="examplesRestAssured2" time="0.912" classname="teamfit1.teamfit1.AppTest"/>
  <testcase name="examplesRestAssured3" time="0.906" classname="teamfit1.teamfit1.AppTest"/>
  <testcase name="examplesRestAssured4" time="1.014" classname="teamfit1.teamfit1.AppTest2"/>
</testsuite> <!-- First test -->
