<?xml version="1.0" encoding="UTF-8"?>
<!-- Generated by org.testng.reporters.JUnitXMLReporter -->
<testsuite hostname="EPHUBUDW0557" name="Default test" tests="12" failures="0" timestamp="25 Apr 2016 10:17:13 GMT" time="12.03" errors="0">
  <testcase name="examplesRestAssured1" time="3.38" classname="teamfit1.teamfit1.AppTest"/>
  <testcase name="examplesRestAssured2" time="0.741" classname="teamfit1.teamfit1.AppTest"/>
  <testcase name="examplesRestAssured3" time="0.877" classname="teamfit1.teamfit1.AppTest"/>
  <testcase name="testTeamfit1" time="0.94" classname="teamfit1.teamfit1.AppTest"/>
  <testcase name="testTeamfit2" time="0.766" classname="teamfit1.teamfit1.AppTest"/>
  <testcase name="clientRequest1" time="0.312" classname="teamfit1.teamfit1.AppTest2"/>
  <testcase name="clientRequestTft2" time="1.135" classname="teamfit1.teamfit1.AppTest2"/>
  <testcase name="clientRequestTft3" time="1.043" classname="teamfit1.teamfit1.AppTest2"/>
  <testcase name="clientRequestTft4" time="0.263" classname="teamfit1.teamfit1.AppTest2"/>
  <testcase name="examplesRestAssured4" time="0.858" classname="teamfit1.teamfit1.AppTest2"/>
  <testcase name="examplesRestAssured5" time="0.812" classname="teamfit1.teamfit1.AppTest2"/>
  <testcase name="examplesRestAssured6" time="0.86" classname="teamfit1.teamfit1.AppTest2"/>
</testsuite> <!-- Default test -->
