<?xml version="1.0" encoding="UTF-8"?>
<testng-results skipped="0" failed="0" total="2" passed="2">
  <reporter-output>
  </reporter-output>
  <suite name="Default suite" duration-ms="1867" started-at="2017-01-12T07:12:42Z" finished-at="2017-01-12T07:12:44Z">
    <groups>
    </groups>
    <test name="Default test" duration-ms="1867" started-at="2017-01-12T07:12:42Z" finished-at="2017-01-12T07:12:44Z">
      <class name="exercise.exercise.AppTest">
        <test-method status="PASS" signature="testOne()[pri:0, instance:exercise.exercise.AppTest@1593948d]" name="testOne" duration-ms="1169" started-at="2017-01-12T08:12:42Z" finished-at="2017-01-12T08:12:44Z">
          <reporter-output>
          </reporter-output>
        </test-method> <!-- testOne -->
        <test-method status="PASS" signature="testTwo()[pri:0, instance:exercise.exercise.AppTest@1593948d]" name="testTwo" duration-ms="680" started-at="2017-01-12T08:12:44Z" finished-at="2017-01-12T08:12:44Z">
          <reporter-output>
          </reporter-output>
        </test-method> <!-- testTwo -->
      </class> <!-- exercise.exercise.AppTest -->
    </test> <!-- Default test -->
  </suite> <!-- Default suite -->
</testng-results>
