<?xml version="1.0" encoding="UTF-8"?>
<testng-results skipped="0" failed="0" total="1" passed="1">
  <reporter-output>
    <line>
      <![CDATA[<div "featureFile">Feature File: CucumberExampleTestNG&#x2F;CucumberExampleTestNG&#x2F;Login_selenium.feature</div>]]>
    </line>
    <line>
      <![CDATA[<div "feature">Feature: Login Action</div>]]>
    </line>
    <line>
      <![CDATA[<div "scenario">Scenario: Successful Login with Valid Credentials</div>]]>
    </line>
    <line>
      <![CDATA[<div "result">Given  user is on Home Page &#x27;http:&#x2F;&#x2F;www.store.demoqa.com&#x27; (passed : 9s)</div>]]>
    </line>
    <line>
      <![CDATA[<div "result">When  User Navigate to LogIn Page (passed : 1s)</div>]]>
    </line>
    <line>
      <![CDATA[<div "result">And  User enters UserName &#x27;ethsig&#x27; and Password (passed : 0s)</div>]]>
    </line>
    <line>
      <![CDATA[<div "result">Then  Message displayed Login Successfully (passed : 0s)</div>]]>
    </line>
    <line>
      <![CDATA[<div "scenario">Scenario: Forward backward</div>]]>
    </line>
    <line>
      <![CDATA[<div "result">When  User navigate to Sample Page (passed : 2s)</div>]]>
    </line>
    <line>
      <![CDATA[<div "result">Then  Navigate to back (passed : 2s)</div>]]>
    </line>
    <line>
      <![CDATA[<div "result">And  User enters UserName &#x27;ethsig&#x27; and Password (passed : 0s)</div>]]>
    </line>
    <line>
      <![CDATA[<div "scenario">Scenario: Successful LogOut</div>]]>
    </line>
    <line>
      <![CDATA[<div "result">When  User LogOut from the Application (passed : 3s)</div>]]>
    </line>
    <line>
      <![CDATA[<div "result">Then  Message displayed LogOut Successfully (passed : 0s)</div>]]>
    </line>
  </reporter-output>
  <suite name="Default suite" duration-ms="20263" started-at="2016-05-10T13:43:58Z" finished-at="2016-05-10T13:44:18Z">
    <groups>
      <group name="cucumber">
        <method signature="AbstractTestNGCucumberTests.run_cukes()[pri:0, instance:CucumberExampleTestNG.CucumberExampleTestNG.CucumberTests@39c0f4a]" name="run_cukes" class="cucumber.api.testng.AbstractTestNGCucumberTests"/>
      </group> <!-- cucumber -->
    </groups>
    <test name="Default test" duration-ms="20263" started-at="2016-05-10T13:43:58Z" finished-at="2016-05-10T13:44:18Z">
      <class name="CucumberExampleTestNG.CucumberExampleTestNG.CucumberTests">
        <test-method status="PASS" signature="run_cukes()[pri:0, instance:CucumberExampleTestNG.CucumberExampleTestNG.CucumberTests@39c0f4a]" name="run_cukes" duration-ms="20249" started-at="2016-05-10T15:43:58Z" description="Runs Cucumber Features" finished-at="2016-05-10T15:44:18Z">
          <reporter-output>
            <line>
              <![CDATA[<div "featureFile">Feature File: CucumberExampleTestNG&#x2F;CucumberExampleTestNG&#x2F;Login_selenium.feature</div>]]>
            </line>
            <line>
              <![CDATA[<div "feature">Feature: Login Action</div>]]>
            </line>
            <line>
              <![CDATA[<div "scenario">Scenario: Successful Login with Valid Credentials</div>]]>
            </line>
            <line>
              <![CDATA[<div "result">Given  user is on Home Page &#x27;http:&#x2F;&#x2F;www.store.demoqa.com&#x27; (passed : 9s)</div>]]>
            </line>
            <line>
              <![CDATA[<div "result">When  User Navigate to LogIn Page (passed : 1s)</div>]]>
            </line>
            <line>
              <![CDATA[<div "result">And  User enters UserName &#x27;ethsig&#x27; and Password (passed : 0s)</div>]]>
            </line>
            <line>
              <![CDATA[<div "result">Then  Message displayed Login Successfully (passed : 0s)</div>]]>
            </line>
            <line>
              <![CDATA[<div "scenario">Scenario: Forward backward</div>]]>
            </line>
            <line>
              <![CDATA[<div "result">When  User navigate to Sample Page (passed : 2s)</div>]]>
            </line>
            <line>
              <![CDATA[<div "result">Then  Navigate to back (passed : 2s)</div>]]>
            </line>
            <line>
              <![CDATA[<div "result">And  User enters UserName &#x27;ethsig&#x27; and Password (passed : 0s)</div>]]>
            </line>
            <line>
              <![CDATA[<div "scenario">Scenario: Successful LogOut</div>]]>
            </line>
            <line>
              <![CDATA[<div "result">When  User LogOut from the Application (passed : 3s)</div>]]>
            </line>
            <line>
              <![CDATA[<div "result">Then  Message displayed LogOut Successfully (passed : 0s)</div>]]>
            </line>
          </reporter-output>
        </test-method> <!-- run_cukes -->
      </class> <!-- CucumberExampleTestNG.CucumberExampleTestNG.CucumberTests -->
    </test> <!-- Default test -->
  </suite> <!-- Default suite -->
</testng-results>
