<?xml version="1.0" encoding="UTF-8"?>
<testng-results skipped="0" failed="0" total="4" passed="4">
  <reporter-output>
  </reporter-output>
  <suite name="Second test suite" duration-ms="3234" started-at="2016-08-24T13:05:29Z" finished-at="2016-08-24T13:05:32Z">
    <groups>
      <group name="method4">
        <method signature="AppTest.arrayCollect()[pri:0, instance:teamfit1.teamfit1.AppTest@724af044]" name="arrayCollect" class="teamfit1.teamfit1.AppTest"/>
        <method signature="AppTest.callingCodes()[pri:0, instance:teamfit1.teamfit1.AppTest@724af044]" name="callingCodes" class="teamfit1.teamfit1.AppTest"/>
        <method signature="AppTest.neighboursOfHungary()[pri:0, instance:teamfit1.teamfit1.AppTest@724af044]" name="neighboursOfHungary" class="teamfit1.teamfit1.AppTest"/>
        <method signature="AppTest.whatAreTheNeighbours(java.lang.String)[pri:0, instance:teamfit1.teamfit1.AppTest@724af044]" name="whatAreTheNeighbours" class="teamfit1.teamfit1.AppTest"/>
      </group> <!-- method4 -->
    </groups>
    <test name="Second test" duration-ms="3234" started-at="2016-08-24T13:05:29Z" finished-at="2016-08-24T13:05:32Z">
      <class name="teamfit1.teamfit1.AppTest">
        <test-method status="PASS" signature="arrayCollect()[pri:0, instance:teamfit1.teamfit1.AppTest@724af044]" name="arrayCollect" duration-ms="1079" started-at="2016-08-24T15:05:29Z" finished-at="2016-08-24T15:05:30Z">
          <reporter-output>
          </reporter-output>
        </test-method> <!-- arrayCollect -->
        <test-method status="PASS" signature="callingCodes()[pri:0, instance:teamfit1.teamfit1.AppTest@724af044]" name="callingCodes" duration-ms="958" started-at="2016-08-24T15:05:30Z" finished-at="2016-08-24T15:05:31Z">
          <reporter-output>
          </reporter-output>
        </test-method> <!-- callingCodes -->
        <test-method status="PASS" signature="neighboursOfHungary()[pri:0, instance:teamfit1.teamfit1.AppTest@724af044]" name="neighboursOfHungary" duration-ms="325" started-at="2016-08-24T15:05:31Z" finished-at="2016-08-24T15:05:31Z">
          <reporter-output>
          </reporter-output>
        </test-method> <!-- neighboursOfHungary -->
        <test-method status="PASS" signature="whatAreTheNeighbours(java.lang.String)[pri:0, instance:teamfit1.teamfit1.AppTest@724af044]" name="whatAreTheNeighbours" duration-ms="849" started-at="2016-08-24T15:05:31Z" finished-at="2016-08-24T15:05:32Z">
          <params>
            <param index="0">
              <value>
                <![CDATA[NOR]]>
              </value>
            </param>
          </params>
          <reporter-output>
          </reporter-output>
        </test-method> <!-- whatAreTheNeighbours -->
      </class> <!-- teamfit1.teamfit1.AppTest -->
    </test> <!-- Second test -->
  </suite> <!-- Second test suite -->
</testng-results>
