<?xml version="1.0" encoding="UTF-8"?>
<!-- Generated by org.testng.reporters.JUnitXMLReporter -->
<testsuite hostname="EPHUBUDW2231" name="FirefoxTest" tests="1" failures="0" timestamp="1 Sep 2016 13:28:40 GMT" time="5.374" errors="0">
  <testcase name="@AfterTest closeBrowser" time="0.0" classname="com.epam.training.selenium.ex_3a.TestNGClass">
    <failure type="org.openqa.selenium.WebDriverException" message="Error communicating with the remote browser. It may have died.
Build info: version: &amp;apos;3.0.0-beta2&amp;apos;, revision: &amp;apos;2aa21c1&amp;apos;, time: &amp;apos;2016-08-02 15:03:28 -0700&amp;apos;
System info: host: &amp;apos;EPHUBUDW2231&amp;apos;, ip: &amp;apos;10.0.8.142&amp;apos;, os.name: &amp;apos;Windows 10&amp;apos;, os.arch: &amp;apos;amd64&amp;apos;, os.version: &amp;apos;10.0&amp;apos;, java.version: &amp;apos;1.8.0_101&amp;apos;
Driver info: driver.version: EventFiringWebDriver
Capabilities [{rotatable=false, raisesAccessibilityExceptions=false, appBuildId=20160623154057, version=, platform=XP, proxy={}, command_id=1, specificationLevel=0, acceptSslCerts=false, browserVersion=47.0.1, platformVersion=10.0, XULappId={ec8030f7-c20a-464f-9b0e-13a3a9e97384}, browserName=Firefox, takesScreenshot=true, takesElementScreenshot=true, platformName=Windows_NT, device=desktop}]
Session ID: 6afa3fac-dbbd-4cd5-b1ca-f554dbe47ef7
Command duration or timeout: 1.65 seconds
Build info: version: &amp;apos;3.0.0-beta2&amp;apos;, revision: &amp;apos;2aa21c1&amp;apos;, time: &amp;apos;2016-08-02 15:03:28 -0700&amp;apos;
System info: host: &amp;apos;EPHUBUDW2231&amp;apos;, ip: &amp;apos;10.0.8.142&amp;apos;, os.name: &amp;apos;Windows 10&amp;apos;, os.arch: &amp;apos;amd64&amp;apos;, os.version: &amp;apos;10.0&amp;apos;, java.version: &amp;apos;1.8.0_101&amp;apos;
Driver info: org.openqa.selenium.remote.RemoteWebDriver
Capabilities [{rotatable=false, raisesAccessibilityExceptions=false, appBuildId=20160623154057, version=, platform=XP, proxy={}, command_id=1, specificationLevel=0, acceptSslCerts=false, webdriver.remote.sessionid=6775e0bd-db12-4406-9ce9-ae86ec1adb5d, browserVersion=47.0.1, platformVersion=10.0, XULappId={ec8030f7-c20a-464f-9b0e-13a3a9e97384}, browserName=Firefox, takesScreenshot=true, takesElementScreenshot=true, javascriptEnabled=true, platformName=Windows_NT, device=desktop, cssSelectorsEnabled=true}]
Session ID: 6775e0bd-db12-4406-9ce9-ae86ec1adb5d">
      <![CDATA[org.openqa.selenium.WebDriverException: Error communicating with the remote browser. It may have died.
Build info: version: '3.0.0-beta2', revision: '2aa21c1', time: '2016-08-02 15:03:28 -0700'
System info: host: 'EPHUBUDW2231', ip: '10.0.8.142', os.name: 'Windows 10', os.arch: 'amd64', os.version: '10.0', java.version: '1.8.0_101'
Driver info: driver.version: EventFiringWebDriver
Capabilities [{rotatable=false, raisesAccessibilityExceptions=false, appBuildId=20160623154057, version=, platform=XP, proxy={}, command_id=1, specificationLevel=0, acceptSslCerts=false, browserVersion=47.0.1, platformVersion=10.0, XULappId={ec8030f7-c20a-464f-9b0e-13a3a9e97384}, browserName=Firefox, takesScreenshot=true, takesElementScreenshot=true, platformName=Windows_NT, device=desktop}]
Session ID: 6afa3fac-dbbd-4cd5-b1ca-f554dbe47ef7
Command duration or timeout: 1.65 seconds
Build info: version: '3.0.0-beta2', revision: '2aa21c1', time: '2016-08-02 15:03:28 -0700'
System info: host: 'EPHUBUDW2231', ip: '10.0.8.142', os.name: 'Windows 10', os.arch: 'amd64', os.version: '10.0', java.version: '1.8.0_101'
Driver info: org.openqa.selenium.remote.RemoteWebDriver
Capabilities [{rotatable=false, raisesAccessibilityExceptions=false, appBuildId=20160623154057, version=, platform=XP, proxy={}, command_id=1, specificationLevel=0, acceptSslCerts=false, webdriver.remote.sessionid=6775e0bd-db12-4406-9ce9-ae86ec1adb5d, browserVersion=47.0.1, platformVersion=10.0, XULappId={ec8030f7-c20a-464f-9b0e-13a3a9e97384}, browserName=Firefox, takesScreenshot=true, takesElementScreenshot=true, javascriptEnabled=true, platformName=Windows_NT, device=desktop, cssSelectorsEnabled=true}]
Session ID: 6775e0bd-db12-4406-9ce9-ae86ec1adb5d
	at org.openqa.selenium.remote.ErrorHandler.createThrowable(ErrorHandler.java:206)
	at org.openqa.selenium.remote.ErrorHandler.throwIfResponseFailed(ErrorHandler.java:158)
	at org.openqa.selenium.remote.RemoteWebDriver.execute(RemoteWebDriver.java:683)
	at org.openqa.selenium.remote.RemoteWebDriver.execute(RemoteWebDriver.java:706)
	at org.openqa.selenium.remote.RemoteWebDriver.quit(RemoteWebDriver.java:531)
	at com.epam.training.selenium.ex_3a.TestNGClass.closeBrowser(TestNGClass.java:95)
Caused by: org.openqa.selenium.remote.UnreachableBrowserException: Error communicating with the remote browser. It may have died.
Build info: version: '3.0.0-beta2', revision: '2aa21c1', time: '2016-08-02 15:03:28 -0700'
System info: host: 'EPHUBUDW2231', ip: '10.0.8.142', os.name: 'Windows 10', os.arch: 'amd64', os.version: '10.0', java.version: '1.8.0_101'
Driver info: driver.version: EventFiringWebDriver
Capabilities [{rotatable=false, raisesAccessibilityExceptions=false, appBuildId=20160623154057, version=, platform=XP, proxy={}, command_id=1, specificationLevel=0, acceptSslCerts=false, browserVersion=47.0.1, platformVersion=10.0, XULappId={ec8030f7-c20a-464f-9b0e-13a3a9e97384}, browserName=Firefox, takesScreenshot=true, takesElementScreenshot=true, platformName=Windows_NT, device=desktop}]
Session ID: 6afa3fac-dbbd-4cd5-b1ca-f554dbe47ef7
Build info: version: '3.0.0-beta2', revision: '2aa21c1', time: '2016-08-02 15:03:28 -0700'
System info: host: 'EPHUBUDW2231', ip: '10.0.8.142', os.name: 'Windows 10', os.arch: 'amd64', os.version: '10.0', java.version: '1.8.0_101'
Driver info: driver.version: unknown
... Removed 26 stack frames]]>
    </failure>
  </testcase> <!-- @AfterTest closeBrowser -->
  <testcase name="calculatepercent" time="0.824" classname="com.epam.training.selenium.ex_3a.TestNGClass"/>
</testsuite> <!-- FirefoxTest -->
