<?xml version="1.0" encoding="UTF-8"?>
<!-- Generated by org.testng.reporters.JUnitXMLReporter -->
<testsuite hostname="EPHUBUDW2231" name="Second test" tests="4" failures="0" timestamp="24 Aug 2016 13:05:32 GMT" time="3.234" errors="0">
  <testcase name="arrayCollect" time="1.079" classname="teamfit1.teamfit1.AppTest"/>
  <testcase name="callingCodes" time="0.958" classname="teamfit1.teamfit1.AppTest"/>
  <testcase name="neighboursOfHungary" time="0.325" classname="teamfit1.teamfit1.AppTest"/>
  <testcase name="whatAreTheNeighbours" time="0.849" classname="teamfit1.teamfit1.AppTest"/>
</testsuite> <!-- Second test -->
